{"C:\\Users\\Lenovo\\proyecto-kin\\kin-enterprise-ui\\src\\App.tsx": {"path":"C:\\Users\\Lenovo\\proyecto-kin\\kin-enterprise-ui\\src\\App.tsx","all":false,"statementMap":{"0":{"start":{"line":1,"column":0},"end":{"line":1,"column":57}},"1":{"start":{"line":2,"column":0},"end":{"line":2,"column":71}},"2":{"start":{"line":3,"column":0},"end":{"line":3,"column":57}},"3":{"start":{"line":4,"column":0},"end":{"line":4,"column":78}},"4":{"start":{"line":5,"column":0},"end":{"line":5,"column":47}},"5":{"start":{"line":6,"column":0},"end":{"line":6,"column":55}},"6":{"start":{"line":7,"column":0},"end":{"line":7,"column":55}},"7":{"start":{"line":8,"column":0},"end":{"line":8,"column":49}},"8":{"start":{"line":9,"column":0},"end":{"line":9,"column":63}},"9":{"start":{"line":10,"column":0},"end":{"line":10,"column":70}},"10":{"start":{"line":11,"column":0},"end":{"line":11,"column":71}},"20":{"start":{"line":21,"column":0},"end":{"line":21,"column":48}},"21":{"start":{"line":22,"column":0},"end":{"line":22,"column":70}},"22":{"start":{"line":23,"column":0},"end":{"line":23,"column":1}},"25":{"start":{"line":26,"column":0},"end":{"line":26,"column":21}},"26":{"start":{"line":27,"column":0},"end":{"line":27,"column":27}},"27":{"start":{"line":28,"column":0},"end":{"line":28,"column":30}},"28":{"start":{"line":29,"column":0},"end":{"line":29,"column":19}},"29":{"start":{"line":30,"column":0},"end":{"line":30,"column":60}},"30":{"start":{"line":31,"column":0},"end":{"line":31,"column":73}},"31":{"start":{"line":32,"column":0},"end":{"line":32,"column":79}},"32":{"start":{"line":33,"column":0},"end":{"line":33,"column":58}},"33":{"start":{"line":34,"column":0},"end":{"line":34,"column":56}},"34":{"start":{"line":35,"column":0},"end":{"line":35,"column":58}},"35":{"start":{"line":36,"column":0},"end":{"line":36,"column":54}},"37":{"start":{"line":38,"column":0},"end":{"line":38,"column":19}},"38":{"start":{"line":39,"column":0},"end":{"line":39,"column":21}},"39":{"start":{"line":40,"column":0},"end":{"line":40,"column":13}},"40":{"start":{"line":41,"column":0},"end":{"line":41,"column":5}},"41":{"start":{"line":42,"column":0},"end":{"line":42,"column":26}},"42":{"start":{"line":43,"column":0},"end":{"line":43,"column":23}},"43":{"start":{"line":44,"column":0},"end":{"line":44,"column":19}},"44":{"start":{"line":45,"column":0},"end":{"line":45,"column":17}},"45":{"start":{"line":46,"column":0},"end":{"line":46,"column":47}},"46":{"start":{"line":47,"column":0},"end":{"line":47,"column":23}},"47":{"start":{"line":48,"column":0},"end":{"line":48,"column":43}},"48":{"start":{"line":49,"column":0},"end":{"line":49,"column":8}},"49":{"start":{"line":50,"column":0},"end":{"line":50,"column":32}},"50":{"start":{"line":51,"column":0},"end":{"line":51,"column":83}},"51":{"start":{"line":52,"column":0},"end":{"line":52,"column":9}},"52":{"start":{"line":53,"column":0},"end":{"line":53,"column":18}},"53":{"start":{"line":54,"column":0},"end":{"line":54,"column":23}},"54":{"start":{"line":55,"column":0},"end":{"line":55,"column":6}},"55":{"start":{"line":56,"column":0},"end":{"line":56,"column":35}},"57":{"start":{"line":58,"column":0},"end":{"line":58,"column":45}},"58":{"start":{"line":59,"column":0},"end":{"line":59,"column":51}},"59":{"start":{"line":60,"column":0},"end":{"line":60,"column":29}},"60":{"start":{"line":61,"column":0},"end":{"line":61,"column":27}},"61":{"start":{"line":62,"column":0},"end":{"line":62,"column":11}},"62":{"start":{"line":63,"column":0},"end":{"line":63,"column":58}},"63":{"start":{"line":64,"column":0},"end":{"line":64,"column":20}},"64":{"start":{"line":65,"column":0},"end":{"line":65,"column":26}},"65":{"start":{"line":66,"column":0},"end":{"line":66,"column":15}},"66":{"start":{"line":67,"column":0},"end":{"line":67,"column":17}},"67":{"start":{"line":68,"column":0},"end":{"line":68,"column":10}},"68":{"start":{"line":69,"column":0},"end":{"line":69,"column":76}},"69":{"start":{"line":70,"column":0},"end":{"line":70,"column":21}},"70":{"start":{"line":71,"column":0},"end":{"line":71,"column":67}},"71":{"start":{"line":72,"column":0},"end":{"line":72,"column":17}},"72":{"start":{"line":73,"column":0},"end":{"line":73,"column":30}},"73":{"start":{"line":74,"column":0},"end":{"line":74,"column":7}},"74":{"start":{"line":75,"column":0},"end":{"line":75,"column":6}},"75":{"start":{"line":76,"column":0},"end":{"line":76,"column":33}},"76":{"start":{"line":77,"column":0},"end":{"line":77,"column":4}},"78":{"start":{"line":79,"column":0},"end":{"line":79,"column":43}},"79":{"start":{"line":80,"column":0},"end":{"line":80,"column":37}},"80":{"start":{"line":81,"column":0},"end":{"line":81,"column":29}},"81":{"start":{"line":82,"column":0},"end":{"line":82,"column":27}},"82":{"start":{"line":83,"column":0},"end":{"line":83,"column":11}},"83":{"start":{"line":84,"column":0},"end":{"line":84,"column":56}},"84":{"start":{"line":85,"column":0},"end":{"line":85,"column":20}},"85":{"start":{"line":86,"column":0},"end":{"line":86,"column":26}},"86":{"start":{"line":87,"column":0},"end":{"line":87,"column":17}},"87":{"start":{"line":88,"column":0},"end":{"line":88,"column":10}},"88":{"start":{"line":89,"column":0},"end":{"line":89,"column":88}},"89":{"start":{"line":90,"column":0},"end":{"line":90,"column":21}},"90":{"start":{"line":91,"column":0},"end":{"line":91,"column":67}},"91":{"start":{"line":92,"column":0},"end":{"line":92,"column":17}},"92":{"start":{"line":93,"column":0},"end":{"line":93,"column":30}},"93":{"start":{"line":94,"column":0},"end":{"line":94,"column":7}},"94":{"start":{"line":95,"column":0},"end":{"line":95,"column":6}},"95":{"start":{"line":96,"column":0},"end":{"line":96,"column":33}},"96":{"start":{"line":97,"column":0},"end":{"line":97,"column":4}},"98":{"start":{"line":99,"column":0},"end":{"line":99,"column":19}},"99":{"start":{"line":100,"column":0},"end":{"line":100,"column":12}},"100":{"start":{"line":101,"column":0},"end":{"line":101,"column":27}},"101":{"start":{"line":102,"column":0},"end":{"line":102,"column":28}},"102":{"start":{"line":103,"column":0},"end":{"line":103,"column":77}},"103":{"start":{"line":104,"column":0},"end":{"line":104,"column":12}},"104":{"start":{"line":105,"column":0},"end":{"line":105,"column":12}},"106":{"start":{"line":107,"column":0},"end":{"line":107,"column":3}},"108":{"start":{"line":109,"column":0},"end":{"line":109,"column":50}},"109":{"start":{"line":110,"column":0},"end":{"line":110,"column":44}},"111":{"start":{"line":112,"column":0},"end":{"line":112,"column":10}},"112":{"start":{"line":113,"column":0},"end":{"line":113,"column":25}},"113":{"start":{"line":114,"column":0},"end":{"line":114,"column":37}},"114":{"start":{"line":115,"column":0},"end":{"line":115,"column":13}},"115":{"start":{"line":116,"column":0},"end":{"line":116,"column":61}},"116":{"start":{"line":117,"column":0},"end":{"line":117,"column":38}},"117":{"start":{"line":118,"column":0},"end":{"line":118,"column":53}},"118":{"start":{"line":119,"column":0},"end":{"line":119,"column":14}},"119":{"start":{"line":120,"column":0},"end":{"line":120,"column":14}},"120":{"start":{"line":121,"column":0},"end":{"line":121,"column":39}},"121":{"start":{"line":122,"column":0},"end":{"line":122,"column":15}},"123":{"start":{"line":124,"column":0},"end":{"line":124,"column":16}},"124":{"start":{"line":125,"column":0},"end":{"line":125,"column":83}},"125":{"start":{"line":126,"column":0},"end":{"line":126,"column":24}},"126":{"start":{"line":127,"column":0},"end":{"line":127,"column":14}},"127":{"start":{"line":128,"column":0},"end":{"line":128,"column":15}},"128":{"start":{"line":129,"column":0},"end":{"line":129,"column":32}},"129":{"start":{"line":130,"column":0},"end":{"line":130,"column":63}},"130":{"start":{"line":131,"column":0},"end":{"line":131,"column":15}},"132":{"start":{"line":133,"column":0},"end":{"line":133,"column":34}},"133":{"start":{"line":134,"column":0},"end":{"line":134,"column":13}},"134":{"start":{"line":135,"column":0},"end":{"line":135,"column":38}},"135":{"start":{"line":136,"column":0},"end":{"line":136,"column":39}},"136":{"start":{"line":137,"column":0},"end":{"line":137,"column":66}},"137":{"start":{"line":138,"column":0},"end":{"line":138,"column":13}},"138":{"start":{"line":139,"column":0},"end":{"line":139,"column":10}},"139":{"start":{"line":140,"column":0},"end":{"line":140,"column":31}},"140":{"start":{"line":141,"column":0},"end":{"line":141,"column":78}},"141":{"start":{"line":142,"column":0},"end":{"line":142,"column":15}},"142":{"start":{"line":143,"column":0},"end":{"line":143,"column":12}},"144":{"start":{"line":145,"column":0},"end":{"line":145,"column":57}},"145":{"start":{"line":146,"column":0},"end":{"line":146,"column":52}},"146":{"start":{"line":147,"column":0},"end":{"line":147,"column":59}},"147":{"start":{"line":148,"column":0},"end":{"line":148,"column":12}},"149":{"start":{"line":150,"column":0},"end":{"line":150,"column":28}},"150":{"start":{"line":151,"column":0},"end":{"line":151,"column":30}},"151":{"start":{"line":152,"column":0},"end":{"line":152,"column":58}},"152":{"start":{"line":153,"column":0},"end":{"line":153,"column":14}},"153":{"start":{"line":154,"column":0},"end":{"line":154,"column":30}},"154":{"start":{"line":155,"column":0},"end":{"line":155,"column":26}},"155":{"start":{"line":156,"column":0},"end":{"line":156,"column":48}},"156":{"start":{"line":157,"column":0},"end":{"line":157,"column":38}},"157":{"start":{"line":158,"column":0},"end":{"line":158,"column":41}},"158":{"start":{"line":159,"column":0},"end":{"line":159,"column":12}},"159":{"start":{"line":160,"column":0},"end":{"line":160,"column":14}},"160":{"start":{"line":161,"column":0},"end":{"line":161,"column":12}},"162":{"start":{"line":163,"column":0},"end":{"line":163,"column":28}},"163":{"start":{"line":164,"column":0},"end":{"line":164,"column":30}},"164":{"start":{"line":165,"column":0},"end":{"line":165,"column":88}},"165":{"start":{"line":166,"column":0},"end":{"line":166,"column":65}},"166":{"start":{"line":167,"column":0},"end":{"line":167,"column":14}},"167":{"start":{"line":168,"column":0},"end":{"line":168,"column":30}},"168":{"start":{"line":169,"column":0},"end":{"line":169,"column":24}},"169":{"start":{"line":170,"column":0},"end":{"line":170,"column":50}},"170":{"start":{"line":171,"column":0},"end":{"line":171,"column":55}},"171":{"start":{"line":172,"column":0},"end":{"line":172,"column":51}},"172":{"start":{"line":173,"column":0},"end":{"line":173,"column":30}},"173":{"start":{"line":174,"column":0},"end":{"line":174,"column":12}},"174":{"start":{"line":175,"column":0},"end":{"line":175,"column":14}},"175":{"start":{"line":176,"column":0},"end":{"line":176,"column":12}},"177":{"start":{"line":178,"column":0},"end":{"line":178,"column":28}},"178":{"start":{"line":179,"column":0},"end":{"line":179,"column":30}},"179":{"start":{"line":180,"column":0},"end":{"line":180,"column":56}},"180":{"start":{"line":181,"column":0},"end":{"line":181,"column":24}},"181":{"start":{"line":182,"column":0},"end":{"line":182,"column":37}},"182":{"start":{"line":183,"column":0},"end":{"line":183,"column":75}},"183":{"start":{"line":184,"column":0},"end":{"line":184,"column":51}},"184":{"start":{"line":185,"column":0},"end":{"line":185,"column":57}},"185":{"start":{"line":186,"column":0},"end":{"line":186,"column":59}},"186":{"start":{"line":187,"column":0},"end":{"line":187,"column":21}},"187":{"start":{"line":188,"column":0},"end":{"line":188,"column":17}},"188":{"start":{"line":189,"column":0},"end":{"line":189,"column":17}},"190":{"start":{"line":191,"column":0},"end":{"line":191,"column":45}},"192":{"start":{"line":193,"column":0},"end":{"line":193,"column":14}},"193":{"start":{"line":194,"column":0},"end":{"line":194,"column":30}},"194":{"start":{"line":195,"column":0},"end":{"line":195,"column":59}},"195":{"start":{"line":196,"column":0},"end":{"line":196,"column":38}},"196":{"start":{"line":197,"column":0},"end":{"line":197,"column":14}},"197":{"start":{"line":198,"column":0},"end":{"line":198,"column":12}},"199":{"start":{"line":200,"column":0},"end":{"line":200,"column":28}},"200":{"start":{"line":201,"column":0},"end":{"line":201,"column":57}},"201":{"start":{"line":202,"column":0},"end":{"line":202,"column":12}},"202":{"start":{"line":203,"column":0},"end":{"line":203,"column":10}},"204":{"start":{"line":205,"column":0},"end":{"line":205,"column":1}}},"s":{"0":1,"1":1,"2":1,"3":1,"4":1,"5":1,"6":1,"7":1,"8":1,"9":1,"10":1,"20":1,"21":1,"22":1,"25":1,"26":20,"27":20,"28":20,"29":20,"30":20,"31":20,"32":20,"33":20,"34":20,"35":20,"37":20,"38":8,"39":1,"40":1,"41":7,"42":7,"43":7,"44":7,"45":7,"46":7,"47":6,"48":7,"49":7,"50":1,"51":7,"52":7,"53":7,"54":7,"55":20,"57":20,"58":20,"59":2,"60":2,"61":2,"62":2,"63":2,"64":2,"65":2,"66":2,"67":2,"68":1,"69":1,"70":1,"71":2,"72":2,"73":2,"74":2,"75":20,"76":20,"78":20,"79":20,"80":0,"81":0,"82":0,"83":0,"84":0,"85":0,"86":0,"87":0,"88":0,"89":0,"90":0,"91":0,"92":0,"93":0,"94":0,"95":20,"96":20,"98":20,"99":1,"100":1,"101":1,"102":1,"103":1,"104":1,"106":1,"108":20,"109":20,"111":20,"112":20,"113":20,"114":20,"115":20,"116":20,"117":20,"118":20,"119":20,"120":20,"121":20,"123":20,"124":2,"125":2,"126":2,"127":17,"128":20,"129":2,"130":17,"132":20,"133":20,"134":20,"135":20,"136":20,"137":20,"138":20,"139":20,"140":20,"141":20,"142":20,"144":20,"145":20,"146":20,"147":20,"149":20,"150":20,"151":20,"152":20,"153":20,"154":20,"155":20,"156":20,"157":20,"158":20,"159":20,"160":20,"162":20,"163":20,"164":20,"165":20,"166":20,"167":20,"168":20,"169":20,"170":20,"171":20,"172":20,"173":20,"174":20,"175":20,"177":20,"178":20,"179":20,"180":20,"181":11,"182":11,"183":22,"184":22,"185":22,"186":22,"187":11,"188":11,"190":8,"192":20,"193":20,"194":20,"195":20,"196":20,"197":20,"199":20,"200":20,"201":20,"202":20,"204":20},"branchMap":{"0":{"type":"branch","line":21,"loc":{"start":{"line":21,"column":0},"end":{"line":23,"column":1}},"locations":[{"start":{"line":21,"column":0},"end":{"line":23,"column":1}}]},"1":{"type":"branch","line":26,"loc":{"start":{"line":26,"column":7},"end":{"line":205,"column":1}},"locations":[{"start":{"line":26,"column":7},"end":{"line":205,"column":1}}]},"2":{"type":"branch","line":30,"loc":{"start":{"line":30,"column":20},"end":{"line":30,"column":60}},"locations":[{"start":{"line":30,"column":20},"end":{"line":30,"column":60}}]},"3":{"type":"branch","line":99,"loc":{"start":{"line":99,"column":18},"end":{"line":107,"column":3}},"locations":[{"start":{"line":99,"column":18},"end":{"line":107,"column":3}}]},"4":{"type":"branch","line":107,"loc":{"start":{"line":107,"column":2},"end":{"line":109,"column":28}},"locations":[{"start":{"line":107,"column":2},"end":{"line":109,"column":28}}]},"5":{"type":"branch","line":109,"loc":{"start":{"line":109,"column":17},"end":{"line":109,"column":38}},"locations":[{"start":{"line":109,"column":17},"end":{"line":109,"column":38}}]},"6":{"type":"branch","line":109,"loc":{"start":{"line":109,"column":28},"end":{"line":109,"column":50}},"locations":[{"start":{"line":109,"column":28},"end":{"line":109,"column":50}}]},"7":{"type":"branch","line":110,"loc":{"start":{"line":110,"column":19},"end":{"line":110,"column":42}},"locations":[{"start":{"line":110,"column":19},"end":{"line":110,"column":42}}]},"8":{"type":"branch","line":110,"loc":{"start":{"line":110,"column":30},"end":{"line":110,"column":44}},"locations":[{"start":{"line":110,"column":30},"end":{"line":110,"column":44}}]},"9":{"type":"branch","line":124,"loc":{"start":{"line":124,"column":7},"end":{"line":127,"column":14}},"locations":[{"start":{"line":124,"column":7},"end":{"line":127,"column":14}}]},"10":{"type":"branch","line":127,"loc":{"start":{"line":127,"column":8},"end":{"line":128,"column":15}},"locations":[{"start":{"line":127,"column":8},"end":{"line":128,"column":15}}]},"11":{"type":"branch","line":129,"loc":{"start":{"line":129,"column":7},"end":{"line":129,"column":32}},"locations":[{"start":{"line":129,"column":7},"end":{"line":129,"column":32}}]},"12":{"type":"branch","line":129,"loc":{"start":{"line":129,"column":20},"end":{"line":130,"column":63}},"locations":[{"start":{"line":129,"column":20},"end":{"line":130,"column":63}}]},"13":{"type":"branch","line":130,"loc":{"start":{"line":130,"column":59},"end":{"line":131,"column":15}},"locations":[{"start":{"line":130,"column":59},"end":{"line":131,"column":15}}]},"14":{"type":"branch","line":137,"loc":{"start":{"line":137,"column":12},"end":{"line":137,"column":46}},"locations":[{"start":{"line":137,"column":12},"end":{"line":137,"column":46}}]},"15":{"type":"branch","line":137,"loc":{"start":{"line":137,"column":24},"end":{"line":137,"column":66}},"locations":[{"start":{"line":137,"column":24},"end":{"line":137,"column":66}}]},"16":{"type":"branch","line":141,"loc":{"start":{"line":141,"column":11},"end":{"line":141,"column":37}},"locations":[{"start":{"line":141,"column":11},"end":{"line":141,"column":37}}]},"17":{"type":"branch","line":141,"loc":{"start":{"line":141,"column":23},"end":{"line":141,"column":78}},"locations":[{"start":{"line":141,"column":23},"end":{"line":141,"column":78}}]},"18":{"type":"branch","line":141,"loc":{"start":{"line":141,"column":37},"end":{"line":141,"column":63}},"locations":[{"start":{"line":141,"column":37},"end":{"line":141,"column":63}}]},"19":{"type":"branch","line":152,"loc":{"start":{"line":152,"column":38},"end":{"line":152,"column":56}},"locations":[{"start":{"line":152,"column":38},"end":{"line":152,"column":56}}]},"20":{"type":"branch","line":156,"loc":{"start":{"line":156,"column":22},"end":{"line":156,"column":45}},"locations":[{"start":{"line":156,"column":22},"end":{"line":156,"column":45}}]},"21":{"type":"branch","line":156,"loc":{"start":{"line":156,"column":33},"end":{"line":156,"column":48}},"locations":[{"start":{"line":156,"column":33},"end":{"line":156,"column":48}}]},"22":{"type":"branch","line":165,"loc":{"start":{"line":165,"column":51},"end":{"line":165,"column":79}},"locations":[{"start":{"line":165,"column":51},"end":{"line":165,"column":79}}]},"23":{"type":"branch","line":165,"loc":{"start":{"line":165,"column":62},"end":{"line":165,"column":81}},"locations":[{"start":{"line":165,"column":62},"end":{"line":165,"column":81}}]},"24":{"type":"branch","line":166,"loc":{"start":{"line":166,"column":35},"end":{"line":166,"column":59}},"locations":[{"start":{"line":166,"column":35},"end":{"line":166,"column":59}}]},"25":{"type":"branch","line":166,"loc":{"start":{"line":166,"column":46},"end":{"line":166,"column":63}},"locations":[{"start":{"line":166,"column":46},"end":{"line":166,"column":63}}]},"26":{"type":"branch","line":170,"loc":{"start":{"line":170,"column":23},"end":{"line":170,"column":47}},"locations":[{"start":{"line":170,"column":23},"end":{"line":170,"column":47}}]},"27":{"type":"branch","line":170,"loc":{"start":{"line":170,"column":34},"end":{"line":170,"column":50}},"locations":[{"start":{"line":170,"column":34},"end":{"line":170,"column":50}}]},"28":{"type":"branch","line":181,"loc":{"start":{"line":181,"column":11},"end":{"line":189,"column":17}},"locations":[{"start":{"line":181,"column":11},"end":{"line":189,"column":17}}]},"29":{"type":"branch","line":189,"loc":{"start":{"line":189,"column":12},"end":{"line":191,"column":45}},"locations":[{"start":{"line":189,"column":12},"end":{"line":191,"column":45}}]},"30":{"type":"branch","line":38,"loc":{"start":{"line":38,"column":12},"end":{"line":56,"column":5}},"locations":[{"start":{"line":38,"column":12},"end":{"line":56,"column":5}}]},"31":{"type":"branch","line":39,"loc":{"start":{"line":39,"column":20},"end":{"line":41,"column":5}},"locations":[{"start":{"line":39,"column":20},"end":{"line":41,"column":5}}]},"32":{"type":"branch","line":41,"loc":{"start":{"line":41,"column":4},"end":{"line":55,"column":6}},"locations":[{"start":{"line":41,"column":4},"end":{"line":55,"column":6}}]},"33":{"type":"branch","line":47,"loc":{"start":{"line":47,"column":12},"end":{"line":49,"column":7}},"locations":[{"start":{"line":47,"column":12},"end":{"line":49,"column":7}}]},"34":{"type":"branch","line":50,"loc":{"start":{"line":50,"column":13},"end":{"line":52,"column":7}},"locations":[{"start":{"line":50,"column":13},"end":{"line":52,"column":7}}]},"35":{"type":"branch","line":51,"loc":{"start":{"line":51,"column":60},"end":{"line":51,"column":81}},"locations":[{"start":{"line":51,"column":60},"end":{"line":51,"column":81}}]},"36":{"type":"branch","line":53,"loc":{"start":{"line":53,"column":11},"end":{"line":55,"column":6}},"locations":[{"start":{"line":53,"column":11},"end":{"line":55,"column":6}}]},"37":{"type":"branch","line":59,"loc":{"start":{"line":59,"column":4},"end":{"line":75,"column":6}},"locations":[{"start":{"line":59,"column":4},"end":{"line":75,"column":6}}]},"38":{"type":"branch","line":60,"loc":{"start":{"line":60,"column":22},"end":{"line":60,"column":29}},"locations":[{"start":{"line":60,"column":22},"end":{"line":60,"column":29}}]},"39":{"type":"branch","line":68,"loc":{"start":{"line":68,"column":8},"end":{"line":72,"column":8}},"locations":[{"start":{"line":68,"column":8},"end":{"line":72,"column":8}}]},"40":{"type":"branch","line":71,"loc":{"start":{"line":71,"column":44},"end":{"line":71,"column":65}},"locations":[{"start":{"line":71,"column":44},"end":{"line":71,"column":65}}]},"41":{"type":"branch","line":183,"loc":{"start":{"line":183,"column":56},"end":{"line":187,"column":21}},"locations":[{"start":{"line":183,"column":56},"end":{"line":187,"column":21}}]}},"b":{"0":[1],"1":[20],"2":[1],"3":[1],"4":[19],"5":[11],"6":[8],"7":[11],"8":[8],"9":[2],"10":[17],"11":[2],"12":[2],"13":[17],"14":[17],"15":[2],"16":[17],"17":[2],"18":[0],"19":[11],"20":[11],"21":[8],"22":[11],"23":[8],"24":[11],"25":[8],"26":[11],"27":[8],"28":[11],"29":[8],"30":[8],"31":[1],"32":[7],"33":[6],"34":[1],"35":[0],"36":[7],"37":[2],"38":[0],"39":[1],"40":[0],"41":[22]},"fnMap":{"0":{"name":"readProjectIdFromUrl","decl":{"start":{"line":21,"column":0},"end":{"line":23,"column":1}},"loc":{"start":{"line":21,"column":0},"end":{"line":23,"column":1}},"line":21},"1":{"name":"App","decl":{"start":{"line":26,"column":7},"end":{"line":205,"column":1}},"loc":{"start":{"line":26,"column":7},"end":{"line":205,"column":1}},"line":26}},"f":{"0":1,"1":20}}
,"C:\\Users\\Lenovo\\proyecto-kin\\kin-enterprise-ui\\src\\components\\DocumentList.tsx": {"path":"C:\\Users\\Lenovo\\proyecto-kin\\kin-enterprise-ui\\src\\components\\DocumentList.tsx","all":false,"statementMap":{"7":{"start":{"line":8,"column":0},"end":{"line":8,"column":45}},"8":{"start":{"line":9,"column":0},"end":{"line":9,"column":40}},"9":{"start":{"line":10,"column":0},"end":{"line":10,"column":68}},"10":{"start":{"line":11,"column":0},"end":{"line":11,"column":52}},"11":{"start":{"line":12,"column":0},"end":{"line":12,"column":1}},"14":{"start":{"line":15,"column":0},"end":{"line":15,"column":64}},"15":{"start":{"line":16,"column":0},"end":{"line":16,"column":31}},"16":{"start":{"line":17,"column":0},"end":{"line":17,"column":70}},"17":{"start":{"line":18,"column":0},"end":{"line":18,"column":3}},"18":{"start":{"line":19,"column":0},"end":{"line":19,"column":10}},"19":{"start":{"line":20,"column":0},"end":{"line":20,"column":57}},"20":{"start":{"line":21,"column":0},"end":{"line":21,"column":36}},"21":{"start":{"line":22,"column":0},"end":{"line":22,"column":51}},"22":{"start":{"line":23,"column":0},"end":{"line":23,"column":78}},"23":{"start":{"line":24,"column":0},"end":{"line":24,"column":37}},"24":{"start":{"line":25,"column":0},"end":{"line":25,"column":65}},"25":{"start":{"line":26,"column":0},"end":{"line":26,"column":17}},"26":{"start":{"line":27,"column":0},"end":{"line":27,"column":13}},"27":{"start":{"line":28,"column":0},"end":{"line":28,"column":9}},"28":{"start":{"line":29,"column":0},"end":{"line":29,"column":9}},"30":{"start":{"line":31,"column":0},"end":{"line":31,"column":1}}},"s":{"7":25,"8":25,"9":14,"10":1,"11":1,"14":1,"15":22,"16":9,"17":9,"18":13,"19":13,"20":13,"21":25,"22":25,"23":25,"24":25,"25":25,"26":25,"27":13,"28":13,"30":13},"branchMap":{"0":{"type":"branch","line":8,"loc":{"start":{"line":8,"column":0},"end":{"line":12,"column":1}},"locations":[{"start":{"line":8,"column":0},"end":{"line":12,"column":1}}]},"1":{"type":"branch","line":9,"loc":{"start":{"line":9,"column":20},"end":{"line":10,"column":68}},"locations":[{"start":{"line":9,"column":20},"end":{"line":10,"column":68}}]},"2":{"type":"branch","line":9,"loc":{"start":{"line":9,"column":20},"end":{"line":9,"column":40}},"locations":[{"start":{"line":9,"column":20},"end":{"line":9,"column":40}}]},"3":{"type":"branch","line":9,"loc":{"start":{"line":9,"column":35},"end":{"line":10,"column":34}},"locations":[{"start":{"line":9,"column":35},"end":{"line":10,"column":34}}]},"4":{"type":"branch","line":10,"loc":{"start":{"line":10,"column":27},"end":{"line":10,"column":68}},"locations":[{"start":{"line":10,"column":27},"end":{"line":10,"column":68}}]},"5":{"type":"branch","line":10,"loc":{"start":{"line":10,"column":62},"end":{"line":12,"column":1}},"locations":[{"start":{"line":10,"column":62},"end":{"line":12,"column":1}}]},"6":{"type":"branch","line":15,"loc":{"start":{"line":15,"column":7},"end":{"line":31,"column":1}},"locations":[{"start":{"line":15,"column":7},"end":{"line":31,"column":1}}]},"7":{"type":"branch","line":16,"loc":{"start":{"line":16,"column":30},"end":{"line":18,"column":3}},"locations":[{"start":{"line":16,"column":30},"end":{"line":18,"column":3}}]},"8":{"type":"branch","line":18,"loc":{"start":{"line":18,"column":2},"end":{"line":31,"column":1}},"locations":[{"start":{"line":18,"column":2},"end":{"line":31,"column":1}}]},"9":{"type":"branch","line":21,"loc":{"start":{"line":21,"column":21},"end":{"line":27,"column":13}},"locations":[{"start":{"line":21,"column":21},"end":{"line":27,"column":13}}]}},"b":{"0":[25],"1":[14],"2":[12],"3":[13],"4":[12],"5":[1],"6":[22],"7":[9],"8":[13],"9":[25]},"fnMap":{"0":{"name":"formatBytes","decl":{"start":{"line":8,"column":0},"end":{"line":12,"column":1}},"loc":{"start":{"line":8,"column":0},"end":{"line":12,"column":1}},"line":8},"1":{"name":"DocumentList","decl":{"start":{"line":15,"column":7},"end":{"line":31,"column":1}},"loc":{"start":{"line":15,"column":7},"end":{"line":31,"column":1}},"line":15}},"f":{"0":25,"1":22}}
,"C:\\Users\\Lenovo\\proyecto-kin\\kin-enterprise-ui\\src\\components\\EnterpriseScoreCard.tsx": {"path":"C:\\Users\\Lenovo\\proyecto-kin\\kin-enterprise-ui\\src\\components\\EnterpriseScoreCard.tsx","all":false,"statementMap":{"7":{"start":{"line":8,"column":0},"end":{"line":8,"column":20}},"8":{"start":{"line":9,"column":0},"end":{"line":9,"column":24}},"9":{"start":{"line":10,"column":0},"end":{"line":10,"column":31}},"10":{"start":{"line":11,"column":0},"end":{"line":11,"column":30}},"11":{"start":{"line":12,"column":0},"end":{"line":12,"column":28}},"12":{"start":{"line":13,"column":0},"end":{"line":13,"column":21}},"13":{"start":{"line":14,"column":0},"end":{"line":14,"column":35}},"14":{"start":{"line":15,"column":0},"end":{"line":15,"column":21}},"15":{"start":{"line":16,"column":0},"end":{"line":16,"column":39}},"16":{"start":{"line":17,"column":0},"end":{"line":17,"column":11}},"19":{"start":{"line":20,"column":0},"end":{"line":20,"column":74}},"20":{"start":{"line":21,"column":0},"end":{"line":21,"column":40}},"21":{"start":{"line":22,"column":0},"end":{"line":22,"column":12}},"22":{"start":{"line":23,"column":0},"end":{"line":23,"column":36}},"23":{"start":{"line":24,"column":0},"end":{"line":24,"column":58}},"24":{"start":{"line":25,"column":0},"end":{"line":25,"column":63}},"25":{"start":{"line":26,"column":0},"end":{"line":26,"column":12}},"27":{"start":{"line":28,"column":0},"end":{"line":28,"column":3}},"28":{"start":{"line":29,"column":0},"end":{"line":29,"column":10}},"29":{"start":{"line":30,"column":0},"end":{"line":30,"column":34}},"30":{"start":{"line":31,"column":0},"end":{"line":31,"column":56}},"31":{"start":{"line":32,"column":0},"end":{"line":32,"column":11}},"32":{"start":{"line":33,"column":0},"end":{"line":33,"column":60}},"33":{"start":{"line":34,"column":0},"end":{"line":34,"column":74}},"34":{"start":{"line":35,"column":0},"end":{"line":35,"column":12}},"35":{"start":{"line":36,"column":0},"end":{"line":36,"column":34}},"36":{"start":{"line":37,"column":0},"end":{"line":37,"column":43}},"37":{"start":{"line":38,"column":0},"end":{"line":38,"column":26}},"38":{"start":{"line":39,"column":0},"end":{"line":39,"column":40}},"39":{"start":{"line":40,"column":0},"end":{"line":40,"column":17}},"40":{"start":{"line":41,"column":0},"end":{"line":41,"column":11}},"41":{"start":{"line":42,"column":0},"end":{"line":42,"column":12}},"42":{"start":{"line":43,"column":0},"end":{"line":43,"column":10}},"44":{"start":{"line":45,"column":0},"end":{"line":45,"column":1}}},"s":{"7":1,"8":1,"9":1,"10":1,"11":1,"12":1,"13":1,"14":1,"15":1,"16":1,"19":1,"20":22,"21":21,"22":21,"23":21,"24":21,"25":21,"27":21,"28":1,"29":1,"30":1,"31":1,"32":1,"33":22,"34":22,"35":22,"36":22,"37":8,"38":8,"39":8,"40":22,"41":22,"42":22,"44":22},"branchMap":{"0":{"type":"branch","line":20,"loc":{"start":{"line":20,"column":7},"end":{"line":45,"column":1}},"locations":[{"start":{"line":20,"column":7},"end":{"line":45,"column":1}}]},"1":{"type":"branch","line":21,"loc":{"start":{"line":21,"column":7},"end":{"line":21,"column":39}},"locations":[{"start":{"line":21,"column":7},"end":{"line":21,"column":39}}]},"2":{"type":"branch","line":21,"loc":{"start":{"line":21,"column":39},"end":{"line":28,"column":3}},"locations":[{"start":{"line":21,"column":39},"end":{"line":28,"column":3}}]},"3":{"type":"branch","line":28,"loc":{"start":{"line":28,"column":2},"end":{"line":34,"column":67}},"locations":[{"start":{"line":28,"column":2},"end":{"line":34,"column":67}}]},"4":{"type":"branch","line":28,"loc":{"start":{"line":28,"column":2},"end":{"line":34,"column":63}},"locations":[{"start":{"line":28,"column":2},"end":{"line":34,"column":63}}]},"5":{"type":"branch","line":34,"loc":{"start":{"line":34,"column":54},"end":{"line":34,"column":67}},"locations":[{"start":{"line":34,"column":54},"end":{"line":34,"column":67}}]},"6":{"type":"branch","line":37,"loc":{"start":{"line":37,"column":24},"end":{"line":40,"column":17}},"locations":[{"start":{"line":37,"column":24},"end":{"line":40,"column":17}}]},"7":{"type":"branch","line":39,"loc":{"start":{"line":39,"column":31},"end":{"line":39,"column":40}},"locations":[{"start":{"line":39,"column":31},"end":{"line":39,"column":40}}]}},"b":{"0":[22],"1":[2],"2":[21],"3":[3],"4":[1],"5":[0],"6":[8],"7":[0]},"fnMap":{"0":{"name":"EnterpriseScoreCard","decl":{"start":{"line":20,"column":7},"end":{"line":45,"column":1}},"loc":{"start":{"line":20,"column":7},"end":{"line":45,"column":1}},"line":20}},"f":{"0":22}}
,"C:\\Users\\Lenovo\\proyecto-kin\\kin-enterprise-ui\\src\\components\\ExportButtons.tsx": {"path":"C:\\Users\\Lenovo\\proyecto-kin\\kin-enterprise-ui\\src\\components\\ExportButtons.tsx","all":false,"statementMap":{"2":{"start":{"line":3,"column":0},"end":{"line":3,"column":49}},"17":{"start":{"line":18,"column":0},"end":{"line":18,"column":31}},"18":{"start":{"line":19,"column":0},"end":{"line":19,"column":12}},"19":{"start":{"line":20,"column":0},"end":{"line":20,"column":21}},"20":{"start":{"line":21,"column":0},"end":{"line":21,"column":19}},"21":{"start":{"line":22,"column":0},"end":{"line":22,"column":15}},"22":{"start":{"line":23,"column":0},"end":{"line":23,"column":24}},"23":{"start":{"line":24,"column":0},"end":{"line":24,"column":10}},"24":{"start":{"line":25,"column":0},"end":{"line":25,"column":38}},"25":{"start":{"line":26,"column":0},"end":{"line":26,"column":59}},"26":{"start":{"line":27,"column":0},"end":{"line":27,"column":82}},"27":{"start":{"line":28,"column":0},"end":{"line":28,"column":34}},"28":{"start":{"line":29,"column":0},"end":{"line":29,"column":17}},"29":{"start":{"line":30,"column":0},"end":{"line":30,"column":24}},"30":{"start":{"line":31,"column":0},"end":{"line":31,"column":25}},"31":{"start":{"line":32,"column":0},"end":{"line":32,"column":27}},"32":{"start":{"line":33,"column":0},"end":{"line":33,"column":53}},"33":{"start":{"line":34,"column":0},"end":{"line":34,"column":52}},"34":{"start":{"line":35,"column":0},"end":{"line":35,"column":11}},"35":{"start":{"line":36,"column":0},"end":{"line":36,"column":26}},"36":{"start":{"line":37,"column":0},"end":{"line":37,"column":19}},"37":{"start":{"line":38,"column":0},"end":{"line":38,"column":11}},"38":{"start":{"line":39,"column":0},"end":{"line":39,"column":12}},"39":{"start":{"line":40,"column":0},"end":{"line":40,"column":36}},"40":{"start":{"line":41,"column":0},"end":{"line":41,"column":52}},"41":{"start":{"line":42,"column":0},"end":{"line":42,"column":78}},"42":{"start":{"line":43,"column":0},"end":{"line":43,"column":59}},"43":{"start":{"line":44,"column":0},"end":{"line":44,"column":38}},"44":{"start":{"line":45,"column":0},"end":{"line":45,"column":21}},"45":{"start":{"line":46,"column":0},"end":{"line":46,"column":28}},"46":{"start":{"line":47,"column":0},"end":{"line":47,"column":29}},"47":{"start":{"line":48,"column":0},"end":{"line":48,"column":31}},"48":{"start":{"line":49,"column":0},"end":{"line":49,"column":31}},"49":{"start":{"line":50,"column":0},"end":{"line":50,"column":73}},"51":{"start":{"line":52,"column":0},"end":{"line":52,"column":24}},"52":{"start":{"line":53,"column":0},"end":{"line":53,"column":23}},"53":{"start":{"line":54,"column":0},"end":{"line":54,"column":15}},"54":{"start":{"line":55,"column":0},"end":{"line":55,"column":17}},"55":{"start":{"line":56,"column":0},"end":{"line":56,"column":14}},"56":{"start":{"line":57,"column":0},"end":{"line":57,"column":9}},"57":{"start":{"line":58,"column":0},"end":{"line":58,"column":10}},"59":{"start":{"line":60,"column":0},"end":{"line":60,"column":1}}},"s":{"2":1,"17":1,"18":24,"19":24,"20":24,"21":24,"22":24,"23":24,"24":24,"25":24,"26":24,"27":24,"28":72,"29":72,"30":72,"31":72,"32":72,"33":72,"34":72,"35":72,"36":72,"37":24,"38":24,"39":24,"40":26,"41":26,"42":26,"43":26,"44":78,"45":78,"46":78,"47":78,"48":78,"49":78,"51":78,"52":78,"53":26,"54":26,"55":26,"56":24,"57":24,"59":24},"branchMap":{"0":{"type":"branch","line":18,"loc":{"start":{"line":18,"column":7},"end":{"line":60,"column":1}},"locations":[{"start":{"line":18,"column":7},"end":{"line":60,"column":1}}]},"1":{"type":"branch","line":28,"loc":{"start":{"line":28,"column":21},"end":{"line":37,"column":19}},"locations":[{"start":{"line":28,"column":21},"end":{"line":37,"column":19}}]},"2":{"type":"branch","line":33,"loc":{"start":{"line":33,"column":22},"end":{"line":33,"column":53}},"locations":[{"start":{"line":33,"column":22},"end":{"line":33,"column":53}}]},"3":{"type":"branch","line":34,"loc":{"start":{"line":34,"column":21},"end":{"line":34,"column":52}},"locations":[{"start":{"line":34,"column":21},"end":{"line":34,"column":52}}]},"4":{"type":"branch","line":40,"loc":{"start":{"line":40,"column":21},"end":{"line":56,"column":14}},"locations":[{"start":{"line":40,"column":21},"end":{"line":56,"column":14}}]},"5":{"type":"branch","line":44,"loc":{"start":{"line":44,"column":25},"end":{"line":53,"column":23}},"locations":[{"start":{"line":44,"column":25},"end":{"line":53,"column":23}}]},"6":{"type":"branch","line":50,"loc":{"start":{"line":50,"column":25},"end":{"line":50,"column":73}},"locations":[{"start":{"line":50,"column":25},"end":{"line":50,"column":73}}]}},"b":{"0":[24],"1":[72],"2":[63],"3":[1],"4":[26],"5":[78],"6":[3]},"fnMap":{"0":{"name":"ExportButtons","decl":{"start":{"line":18,"column":7},"end":{"line":60,"column":1}},"loc":{"start":{"line":18,"column":7},"end":{"line":60,"column":1}},"line":18},"1":{"name":"onClick","decl":{"start":{"line":34,"column":21},"end":{"line":34,"column":52}},"loc":{"start":{"line":34,"column":21},"end":{"line":34,"column":52}},"line":34},"2":{"name":"onClick","decl":{"start":{"line":50,"column":25},"end":{"line":50,"column":73}},"loc":{"start":{"line":50,"column":25},"end":{"line":50,"column":73}},"line":50}},"f":{"0":24,"1":1,"2":3}}
,"C:\\Users\\Lenovo\\proyecto-kin\\kin-enterprise-ui\\src\\components\\LiveLog.tsx": {"path":"C:\\Users\\Lenovo\\proyecto-kin\\kin-enterprise-ui\\src\\components\\LiveLog.tsx","all":false,"statementMap":{"10":{"start":{"line":11,"column":0},"end":{"line":11,"column":62}},"11":{"start":{"line":12,"column":0},"end":{"line":12,"column":47}},"12":{"start":{"line":13,"column":0},"end":{"line":13,"column":75}},"13":{"start":{"line":14,"column":0},"end":{"line":14,"column":10}},"14":{"start":{"line":15,"column":0},"end":{"line":15,"column":32}},"15":{"start":{"line":16,"column":0},"end":{"line":16,"column":34}},"17":{"start":{"line":18,"column":0},"end":{"line":18,"column":56}},"18":{"start":{"line":19,"column":0},"end":{"line":19,"column":12}},"19":{"start":{"line":20,"column":0},"end":{"line":20,"column":32}},"20":{"start":{"line":21,"column":0},"end":{"line":21,"column":32}},"21":{"start":{"line":22,"column":0},"end":{"line":22,"column":59}},"23":{"start":{"line":24,"column":0},"end":{"line":24,"column":40}},"24":{"start":{"line":25,"column":0},"end":{"line":25,"column":14}},"25":{"start":{"line":26,"column":0},"end":{"line":26,"column":73}},"26":{"start":{"line":27,"column":0},"end":{"line":27,"column":70}},"27":{"start":{"line":28,"column":0},"end":{"line":28,"column":13}},"28":{"start":{"line":29,"column":0},"end":{"line":29,"column":71}},"29":{"start":{"line":30,"column":0},"end":{"line":30,"column":27}},"30":{"start":{"line":31,"column":0},"end":{"line":31,"column":68}},"31":{"start":{"line":32,"column":0},"end":{"line":32,"column":58}},"32":{"start":{"line":33,"column":0},"end":{"line":33,"column":16}},"33":{"start":{"line":34,"column":0},"end":{"line":34,"column":12}},"35":{"start":{"line":36,"column":0},"end":{"line":36,"column":12}},"36":{"start":{"line":37,"column":0},"end":{"line":37,"column":10}},"38":{"start":{"line":39,"column":0},"end":{"line":39,"column":1}}},"s":{"10":1,"11":23,"12":4,"13":23,"14":23,"15":23,"17":23,"18":23,"19":23,"20":23,"21":21,"23":2,"24":4,"25":4,"26":4,"27":4,"28":4,"29":4,"30":4,"31":4,"32":4,"33":2,"35":23,"36":23,"38":23},"branchMap":{"0":{"type":"branch","line":11,"loc":{"start":{"line":11,"column":7},"end":{"line":39,"column":1}},"locations":[{"start":{"line":11,"column":7},"end":{"line":39,"column":1}}]},"1":{"type":"branch","line":18,"loc":{"start":{"line":18,"column":9},"end":{"line":18,"column":38}},"locations":[{"start":{"line":18,"column":9},"end":{"line":18,"column":38}}]},"2":{"type":"branch","line":18,"loc":{"start":{"line":18,"column":21},"end":{"line":18,"column":56}},"locations":[{"start":{"line":18,"column":21},"end":{"line":18,"column":56}}]},"3":{"type":"branch","line":21,"loc":{"start":{"line":21,"column":27},"end":{"line":22,"column":59}},"locations":[{"start":{"line":21,"column":27},"end":{"line":22,"column":59}}]},"4":{"type":"branch","line":22,"loc":{"start":{"line":22,"column":55},"end":{"line":34,"column":12}},"locations":[{"start":{"line":22,"column":55},"end":{"line":34,"column":12}}]},"5":{"type":"branch","line":12,"loc":{"start":{"line":12,"column":21},"end":{"line":13,"column":75}},"locations":[{"start":{"line":12,"column":21},"end":{"line":13,"column":75}}]},"6":{"type":"branch","line":13,"loc":{"start":{"line":13,"column":39},"end":{"line":13,"column":72}},"locations":[{"start":{"line":13,"column":39},"end":{"line":13,"column":72}}]},"7":{"type":"branch","line":13,"loc":{"start":{"line":13,"column":67},"end":{"line":13,"column":75}},"locations":[{"start":{"line":13,"column":67},"end":{"line":13,"column":75}}]},"8":{"type":"branch","line":24,"loc":{"start":{"line":24,"column":21},"end":{"line":33,"column":16}},"locations":[{"start":{"line":24,"column":21},"end":{"line":33,"column":16}}]},"9":{"type":"branch","line":31,"loc":{"start":{"line":31,"column":21},"end":{"line":31,"column":65}},"locations":[{"start":{"line":31,"column":21},"end":{"line":31,"column":65}}]},"10":{"type":"branch","line":32,"loc":{"start":{"line":32,"column":21},"end":{"line":32,"column":55}},"locations":[{"start":{"line":32,"column":21},"end":{"line":32,"column":55}}]},"11":{"type":"branch","line":32,"loc":{"start":{"line":32,"column":50},"end":{"line":32,"column":58}},"locations":[{"start":{"line":32,"column":50},"end":{"line":32,"column":58}}]}},"b":{"0":[23],"1":[18],"2":[5],"3":[21],"4":[2],"5":[4],"6":[2],"7":[2],"8":[4],"9":[0],"10":[2],"11":[2]},"fnMap":{"0":{"name":"LiveLog","decl":{"start":{"line":11,"column":7},"end":{"line":39,"column":1}},"loc":{"start":{"line":11,"column":7},"end":{"line":39,"column":1}},"line":11},"1":{"name":"stateClass","decl":{"start":{"line":12,"column":21},"end":{"line":13,"column":75}},"loc":{"start":{"line":12,"column":21},"end":{"line":13,"column":75}},"line":12}},"f":{"0":23,"1":4}}
,"C:\\Users\\Lenovo\\proyecto-kin\\kin-enterprise-ui\\src\\components\\ProgressBar.tsx": {"path":"C:\\Users\\Lenovo\\proyecto-kin\\kin-enterprise-ui\\src\\components\\ProgressBar.tsx","all":false,"statementMap":{"10":{"start":{"line":11,"column":0},"end":{"line":11,"column":76}},"11":{"start":{"line":12,"column":0},"end":{"line":12,"column":55}},"12":{"start":{"line":13,"column":0},"end":{"line":13,"column":21}},"13":{"start":{"line":14,"column":0},"end":{"line":14,"column":49}},"14":{"start":{"line":15,"column":0},"end":{"line":15,"column":33}},"15":{"start":{"line":16,"column":0},"end":{"line":16,"column":11}},"16":{"start":{"line":17,"column":0},"end":{"line":17,"column":10}},"17":{"start":{"line":18,"column":0},"end":{"line":18,"column":36}},"18":{"start":{"line":19,"column":0},"end":{"line":19,"column":119}},"19":{"start":{"line":20,"column":0},"end":{"line":20,"column":12}},"20":{"start":{"line":21,"column":0},"end":{"line":21,"column":59}},"21":{"start":{"line":22,"column":0},"end":{"line":22,"column":42}},"22":{"start":{"line":23,"column":0},"end":{"line":23,"column":10}},"23":{"start":{"line":24,"column":0},"end":{"line":24,"column":12}},"24":{"start":{"line":25,"column":0},"end":{"line":25,"column":38}},"25":{"start":{"line":26,"column":0},"end":{"line":26,"column":42}},"26":{"start":{"line":27,"column":0},"end":{"line":27,"column":31}},"27":{"start":{"line":28,"column":0},"end":{"line":28,"column":12}},"28":{"start":{"line":29,"column":0},"end":{"line":29,"column":10}},"30":{"start":{"line":31,"column":0},"end":{"line":31,"column":1}}},"s":{"10":1,"11":25,"12":25,"13":25,"14":12,"15":13,"16":25,"17":25,"18":25,"19":25,"20":25,"21":25,"22":25,"23":25,"24":25,"25":25,"26":25,"27":25,"28":25,"30":25},"branchMap":{"0":{"type":"branch","line":11,"loc":{"start":{"line":11,"column":7},"end":{"line":31,"column":1}},"locations":[{"start":{"line":11,"column":7},"end":{"line":31,"column":1}}]},"1":{"type":"branch","line":14,"loc":{"start":{"line":14,"column":15},"end":{"line":14,"column":49}},"locations":[{"start":{"line":14,"column":15},"end":{"line":14,"column":49}}]},"2":{"type":"branch","line":14,"loc":{"start":{"line":14,"column":41},"end":{"line":15,"column":33}},"locations":[{"start":{"line":14,"column":41},"end":{"line":15,"column":33}}]},"3":{"type":"branch","line":15,"loc":{"start":{"line":15,"column":31},"end":{"line":16,"column":11}},"locations":[{"start":{"line":15,"column":31},"end":{"line":16,"column":11}}]},"4":{"type":"branch","line":26,"loc":{"start":{"line":26,"column":15},"end":{"line":26,"column":35}},"locations":[{"start":{"line":26,"column":15},"end":{"line":26,"column":35}}]}},"b":{"0":[25],"1":[13],"2":[12],"3":[13],"4":[24]},"fnMap":{"0":{"name":"ProgressBar","decl":{"start":{"line":11,"column":7},"end":{"line":31,"column":1}},"loc":{"start":{"line":11,"column":7},"end":{"line":31,"column":1}},"line":11}},"f":{"0":25}}
,"C:\\Users\\Lenovo\\proyecto-kin\\kin-enterprise-ui\\src\\components\\StatusBadge.tsx": {"path":"C:\\Users\\Lenovo\\proyecto-kin\\kin-enterprise-ui\\src\\components\\StatusBadge.tsx","all":false,"statementMap":{"0":{"start":{"line":1,"column":0},"end":{"line":1,"column":32}},"1":{"start":{"line":2,"column":0},"end":{"line":2,"column":14}},"2":{"start":{"line":3,"column":0},"end":{"line":3,"column":12}},"3":{"start":{"line":4,"column":0},"end":{"line":4,"column":23}},"4":{"start":{"line":5,"column":0},"end":{"line":5,"column":14}},"5":{"start":{"line":6,"column":0},"end":{"line":6,"column":11}},"6":{"start":{"line":7,"column":0},"end":{"line":7,"column":3}},"14":{"start":{"line":15,"column":0},"end":{"line":15,"column":59}},"15":{"start":{"line":16,"column":0},"end":{"line":16,"column":85}},"16":{"start":{"line":17,"column":0},"end":{"line":17,"column":10}},"17":{"start":{"line":18,"column":0},"end":{"line":18,"column":70}},"18":{"start":{"line":19,"column":0},"end":{"line":19,"column":14}},"19":{"start":{"line":20,"column":0},"end":{"line":20,"column":11}},"21":{"start":{"line":22,"column":0},"end":{"line":22,"column":1}}},"s":{"0":1,"1":1,"2":1,"3":1,"4":1,"5":1,"6":1,"14":1,"15":25,"16":25,"17":25,"18":25,"19":25,"21":25},"branchMap":{"0":{"type":"branch","line":15,"loc":{"start":{"line":15,"column":7},"end":{"line":22,"column":1}},"locations":[{"start":{"line":15,"column":7},"end":{"line":22,"column":1}}]},"1":{"type":"branch","line":16,"loc":{"start":{"line":16,"column":45},"end":{"line":16,"column":69}},"locations":[{"start":{"line":16,"column":45},"end":{"line":16,"column":69}}]},"2":{"type":"branch","line":16,"loc":{"start":{"line":16,"column":64},"end":{"line":16,"column":85}},"locations":[{"start":{"line":16,"column":64},"end":{"line":16,"column":85}}]}},"b":{"0":[25],"1":[24],"2":[1]},"fnMap":{"0":{"name":"StatusBadge","decl":{"start":{"line":15,"column":7},"end":{"line":22,"column":1}},"loc":{"start":{"line":15,"column":7},"end":{"line":22,"column":1}},"line":15}},"f":{"0":25}}
,"C:\\Users\\Lenovo\\proyecto-kin\\kin-enterprise-ui\\src\\components\\Timeline.tsx": {"path":"C:\\Users\\Lenovo\\proyecto-kin\\kin-enterprise-ui\\src\\components\\Timeline.tsx","all":false,"statementMap":{"7":{"start":{"line":8,"column":0},"end":{"line":8,"column":42}},"8":{"start":{"line":9,"column":0},"end":{"line":9,"column":52}},"9":{"start":{"line":10,"column":0},"end":{"line":10,"column":20}},"10":{"start":{"line":11,"column":0},"end":{"line":11,"column":22}},"11":{"start":{"line":12,"column":0},"end":{"line":12,"column":22}},"12":{"start":{"line":13,"column":0},"end":{"line":13,"column":5}},"13":{"start":{"line":14,"column":0},"end":{"line":14,"column":1}},"16":{"start":{"line":17,"column":0},"end":{"line":17,"column":53}},"17":{"start":{"line":18,"column":0},"end":{"line":18,"column":28}},"18":{"start":{"line":19,"column":0},"end":{"line":19,"column":79}},"19":{"start":{"line":20,"column":0},"end":{"line":20,"column":3}},"20":{"start":{"line":21,"column":0},"end":{"line":21,"column":10}},"21":{"start":{"line":22,"column":0},"end":{"line":22,"column":52}},"22":{"start":{"line":23,"column":0},"end":{"line":23,"column":37}},"23":{"start":{"line":24,"column":0},"end":{"line":24,"column":70}},"24":{"start":{"line":25,"column":0},"end":{"line":25,"column":63}},"25":{"start":{"line":26,"column":0},"end":{"line":26,"column":33}},"26":{"start":{"line":27,"column":0},"end":{"line":27,"column":73}},"27":{"start":{"line":28,"column":0},"end":{"line":28,"column":19}},"28":{"start":{"line":29,"column":0},"end":{"line":29,"column":41}},"29":{"start":{"line":30,"column":0},"end":{"line":30,"column":41}},"30":{"start":{"line":31,"column":0},"end":{"line":31,"column":56}},"31":{"start":{"line":32,"column":0},"end":{"line":32,"column":16}},"32":{"start":{"line":33,"column":0},"end":{"line":33,"column":13}},"33":{"start":{"line":34,"column":0},"end":{"line":34,"column":9}},"34":{"start":{"line":35,"column":0},"end":{"line":35,"column":9}},"36":{"start":{"line":37,"column":0},"end":{"line":37,"column":1}}},"s":{"7":3,"8":3,"9":3,"10":3,"11":3,"12":3,"13":3,"16":1,"17":21,"18":20,"19":20,"20":1,"21":1,"22":1,"23":3,"24":3,"25":3,"26":1,"27":2,"28":3,"29":3,"30":3,"31":3,"32":3,"33":1,"34":1,"36":1},"branchMap":{"0":{"type":"branch","line":8,"loc":{"start":{"line":8,"column":0},"end":{"line":14,"column":1}},"locations":[{"start":{"line":8,"column":0},"end":{"line":14,"column":1}}]},"1":{"type":"branch","line":17,"loc":{"start":{"line":17,"column":7},"end":{"line":37,"column":1}},"locations":[{"start":{"line":17,"column":7},"end":{"line":37,"column":1}}]},"2":{"type":"branch","line":18,"loc":{"start":{"line":18,"column":27},"end":{"line":37,"column":1}},"locations":[{"start":{"line":18,"column":27},"end":{"line":37,"column":1}}]},"3":{"type":"branch","line":20,"loc":{"start":{"line":20,"column":2},"end":{"line":37,"column":1}},"locations":[{"start":{"line":20,"column":2},"end":{"line":37,"column":1}}]},"4":{"type":"branch","line":23,"loc":{"start":{"line":23,"column":18},"end":{"line":33,"column":13}},"locations":[{"start":{"line":23,"column":18},"end":{"line":33,"column":13}}]},"5":{"type":"branch","line":26,"loc":{"start":{"line":26,"column":17},"end":{"line":27,"column":73}},"locations":[{"start":{"line":26,"column":17},"end":{"line":27,"column":73}}]},"6":{"type":"branch","line":27,"loc":{"start":{"line":27,"column":66},"end":{"line":28,"column":19}},"locations":[{"start":{"line":27,"column":66},"end":{"line":28,"column":19}}]},"7":{"type":"branch","line":31,"loc":{"start":{"line":31,"column":19},"end":{"line":31,"column":53}},"locations":[{"start":{"line":31,"column":19},"end":{"line":31,"column":53}}]},"8":{"type":"branch","line":31,"loc":{"start":{"line":31,"column":48},"end":{"line":31,"column":56}},"locations":[{"start":{"line":31,"column":48},"end":{"line":31,"column":56}}]}},"b":{"0":[3],"1":[21],"2":[20],"3":[1],"4":[3],"5":[1],"6":[2],"7":[1],"8":[2]},"fnMap":{"0":{"name":"formatTime","decl":{"start":{"line":8,"column":0},"end":{"line":14,"column":1}},"loc":{"start":{"line":8,"column":0},"end":{"line":14,"column":1}},"line":8},"1":{"name":"Timeline","decl":{"start":{"line":17,"column":7},"end":{"line":37,"column":1}},"loc":{"start":{"line":17,"column":7},"end":{"line":37,"column":1}},"line":17}},"f":{"0":3,"1":21}}
,"C:\\Users\\Lenovo\\proyecto-kin\\kin-enterprise-ui\\src\\components\\VersionSelector.tsx": {"path":"C:\\Users\\Lenovo\\proyecto-kin\\kin-enterprise-ui\\src\\components\\VersionSelector.tsx","all":false,"statementMap":{"12":{"start":{"line":13,"column":0},"end":{"line":13,"column":33}},"13":{"start":{"line":14,"column":0},"end":{"line":14,"column":11}},"14":{"start":{"line":15,"column":0},"end":{"line":15,"column":11}},"15":{"start":{"line":16,"column":0},"end":{"line":16,"column":11}},"16":{"start":{"line":17,"column":0},"end":{"line":17,"column":26}},"17":{"start":{"line":18,"column":0},"end":{"line":18,"column":10}},"18":{"start":{"line":19,"column":0},"end":{"line":19,"column":36}},"19":{"start":{"line":20,"column":0},"end":{"line":20,"column":49}},"20":{"start":{"line":21,"column":0},"end":{"line":21,"column":13}},"21":{"start":{"line":22,"column":0},"end":{"line":22,"column":27}},"22":{"start":{"line":23,"column":0},"end":{"line":23,"column":34}},"23":{"start":{"line":24,"column":0},"end":{"line":24,"column":24}},"24":{"start":{"line":25,"column":0},"end":{"line":25,"column":66}},"26":{"start":{"line":27,"column":0},"end":{"line":27,"column":36}},"27":{"start":{"line":28,"column":0},"end":{"line":28,"column":64}},"28":{"start":{"line":29,"column":0},"end":{"line":29,"column":49}},"29":{"start":{"line":30,"column":0},"end":{"line":30,"column":19}},"30":{"start":{"line":31,"column":0},"end":{"line":31,"column":11}},"31":{"start":{"line":32,"column":0},"end":{"line":32,"column":15}},"32":{"start":{"line":33,"column":0},"end":{"line":33,"column":12}},"34":{"start":{"line":35,"column":0},"end":{"line":35,"column":1}}},"s":{"12":1,"13":22,"14":22,"15":22,"16":22,"17":22,"18":22,"19":22,"20":22,"21":22,"22":22,"23":22,"24":22,"26":22,"27":28,"28":28,"29":28,"30":22,"31":22,"32":22,"34":22},"branchMap":{"0":{"type":"branch","line":13,"loc":{"start":{"line":13,"column":7},"end":{"line":35,"column":1}},"locations":[{"start":{"line":13,"column":7},"end":{"line":35,"column":1}}]},"1":{"type":"branch","line":25,"loc":{"start":{"line":25,"column":18},"end":{"line":25,"column":66}},"locations":[{"start":{"line":25,"column":18},"end":{"line":25,"column":66}}]},"2":{"type":"branch","line":27,"loc":{"start":{"line":27,"column":22},"end":{"line":30,"column":19}},"locations":[{"start":{"line":27,"column":22},"end":{"line":30,"column":19}}]}},"b":{"0":[22],"1":[2],"2":[28]},"fnMap":{"0":{"name":"VersionSelector","decl":{"start":{"line":13,"column":7},"end":{"line":35,"column":1}},"loc":{"start":{"line":13,"column":7},"end":{"line":35,"column":1}},"line":13},"1":{"name":"onChange","decl":{"start":{"line":25,"column":18},"end":{"line":25,"column":66}},"loc":{"start":{"line":25,"column":18},"end":{"line":25,"column":66}},"line":25}},"f":{"0":22,"1":2}}
,"C:\\Users\\Lenovo\\proyecto-kin\\kin-enterprise-ui\\src\\hooks\\useEnterpriseProgress.ts": {"path":"C:\\Users\\Lenovo\\proyecto-kin\\kin-enterprise-ui\\src\\hooks\\useEnterpriseProgress.ts","all":false,"statementMap":{"0":{"start":{"line":1,"column":0},"end":{"line":1,"column":52}},"1":{"start":{"line":2,"column":0},"end":{"line":2,"column":65}},"2":{"start":{"line":3,"column":0},"end":{"line":3,"column":8}},"15":{"start":{"line":16,"column":0},"end":{"line":16,"column":37}},"16":{"start":{"line":17,"column":0},"end":{"line":17,"column":13}},"17":{"start":{"line":18,"column":0},"end":{"line":18,"column":19}},"18":{"start":{"line":19,"column":0},"end":{"line":19,"column":14}},"19":{"start":{"line":20,"column":0},"end":{"line":20,"column":18}},"20":{"start":{"line":21,"column":0},"end":{"line":21,"column":2}},"22":{"start":{"line":23,"column":0},"end":{"line":23,"column":29}},"23":{"start":{"line":24,"column":0},"end":{"line":24,"column":29}},"41":{"start":{"line":42,"column":0},"end":{"line":42,"column":38}},"42":{"start":{"line":43,"column":0},"end":{"line":43,"column":27}},"43":{"start":{"line":44,"column":0},"end":{"line":44,"column":18}},"44":{"start":{"line":45,"column":0},"end":{"line":45,"column":36}},"45":{"start":{"line":46,"column":0},"end":{"line":46,"column":23}},"46":{"start":{"line":47,"column":0},"end":{"line":47,"column":65}},"47":{"start":{"line":48,"column":0},"end":{"line":48,"column":62}},"48":{"start":{"line":49,"column":0},"end":{"line":49,"column":76}},"49":{"start":{"line":50,"column":0},"end":{"line":50,"column":36}},"51":{"start":{"line":52,"column":0},"end":{"line":52,"column":19}},"52":{"start":{"line":53,"column":0},"end":{"line":53,"column":21}},"53":{"start":{"line":54,"column":0},"end":{"line":54,"column":13}},"54":{"start":{"line":55,"column":0},"end":{"line":55,"column":5}},"55":{"start":{"line":56,"column":0},"end":{"line":56,"column":26}},"56":{"start":{"line":57,"column":0},"end":{"line":57,"column":32}},"57":{"start":{"line":58,"column":0},"end":{"line":58,"column":45}},"58":{"start":{"line":59,"column":0},"end":{"line":59,"column":20}},"59":{"start":{"line":60,"column":0},"end":{"line":60,"column":57}},"61":{"start":{"line":62,"column":0},"end":{"line":62,"column":48}},"62":{"start":{"line":63,"column":0},"end":{"line":63,"column":57}},"63":{"start":{"line":64,"column":0},"end":{"line":64,"column":11}},"64":{"start":{"line":65,"column":0},"end":{"line":65,"column":32}},"65":{"start":{"line":66,"column":0},"end":{"line":66,"column":65}},"66":{"start":{"line":67,"column":0},"end":{"line":67,"column":11}},"67":{"start":{"line":68,"column":0},"end":{"line":68,"column":71}},"68":{"start":{"line":69,"column":0},"end":{"line":69,"column":38}},"69":{"start":{"line":70,"column":0},"end":{"line":70,"column":12}},"70":{"start":{"line":71,"column":0},"end":{"line":71,"column":10}},"71":{"start":{"line":72,"column":0},"end":{"line":72,"column":35}},"72":{"start":{"line":73,"column":0},"end":{"line":73,"column":64}},"73":{"start":{"line":74,"column":0},"end":{"line":74,"column":9}},"74":{"start":{"line":75,"column":0},"end":{"line":75,"column":20}},"75":{"start":{"line":76,"column":0},"end":{"line":76,"column":71}},"76":{"start":{"line":77,"column":0},"end":{"line":77,"column":47}},"77":{"start":{"line":78,"column":0},"end":{"line":78,"column":32}},"78":{"start":{"line":79,"column":0},"end":{"line":79,"column":73}},"79":{"start":{"line":80,"column":0},"end":{"line":80,"column":54}},"80":{"start":{"line":81,"column":0},"end":{"line":81,"column":39}},"81":{"start":{"line":82,"column":0},"end":{"line":82,"column":79}},"82":{"start":{"line":83,"column":0},"end":{"line":83,"column":31}},"83":{"start":{"line":84,"column":0},"end":{"line":84,"column":11}},"84":{"start":{"line":85,"column":0},"end":{"line":85,"column":11}},"85":{"start":{"line":86,"column":0},"end":{"line":86,"column":49}},"86":{"start":{"line":87,"column":0},"end":{"line":87,"column":30}},"87":{"start":{"line":88,"column":0},"end":{"line":88,"column":9}},"88":{"start":{"line":89,"column":0},"end":{"line":89,"column":21}},"89":{"start":{"line":90,"column":0},"end":{"line":90,"column":59}},"90":{"start":{"line":91,"column":0},"end":{"line":91,"column":31}},"91":{"start":{"line":92,"column":0},"end":{"line":92,"column":15}},"92":{"start":{"line":93,"column":0},"end":{"line":93,"column":27}},"93":{"start":{"line":94,"column":0},"end":{"line":94,"column":66}},"94":{"start":{"line":95,"column":0},"end":{"line":95,"column":12}},"95":{"start":{"line":96,"column":0},"end":{"line":96,"column":35}},"96":{"start":{"line":97,"column":0},"end":{"line":97,"column":30}},"97":{"start":{"line":98,"column":0},"end":{"line":98,"column":9}},"98":{"start":{"line":99,"column":0},"end":{"line":99,"column":7}},"99":{"start":{"line":100,"column":0},"end":{"line":100,"column":6}},"101":{"start":{"line":102,"column":0},"end":{"line":102,"column":43}},"102":{"start":{"line":103,"column":0},"end":{"line":103,"column":80}},"103":{"start":{"line":104,"column":0},"end":{"line":104,"column":73}},"104":{"start":{"line":105,"column":0},"end":{"line":105,"column":19}},"105":{"start":{"line":106,"column":0},"end":{"line":106,"column":32}},"106":{"start":{"line":107,"column":0},"end":{"line":107,"column":23}},"107":{"start":{"line":108,"column":0},"end":{"line":108,"column":16}},"108":{"start":{"line":109,"column":0},"end":{"line":109,"column":6}},"110":{"start":{"line":111,"column":0},"end":{"line":111,"column":27}},"111":{"start":{"line":112,"column":0},"end":{"line":112,"column":19}},"113":{"start":{"line":114,"column":0},"end":{"line":114,"column":18}},"114":{"start":{"line":115,"column":0},"end":{"line":115,"column":23}},"115":{"start":{"line":116,"column":0},"end":{"line":116,"column":32}},"116":{"start":{"line":117,"column":0},"end":{"line":117,"column":28}},"117":{"start":{"line":118,"column":0},"end":{"line":118,"column":7}},"118":{"start":{"line":119,"column":0},"end":{"line":119,"column":25}},"119":{"start":{"line":120,"column":0},"end":{"line":120,"column":6}},"121":{"start":{"line":122,"column":0},"end":{"line":122,"column":56}},"123":{"start":{"line":124,"column":0},"end":{"line":124,"column":20}},"124":{"start":{"line":125,"column":0},"end":{"line":125,"column":1}},"127":{"start":{"line":128,"column":0},"end":{"line":128,"column":33}},"128":{"start":{"line":129,"column":0},"end":{"line":129,"column":35}},"129":{"start":{"line":130,"column":0},"end":{"line":130,"column":52}},"130":{"start":{"line":131,"column":0},"end":{"line":131,"column":18}},"131":{"start":{"line":132,"column":0},"end":{"line":132,"column":34}},"132":{"start":{"line":133,"column":0},"end":{"line":133,"column":36}},"133":{"start":{"line":134,"column":0},"end":{"line":134,"column":18}},"134":{"start":{"line":135,"column":0},"end":{"line":135,"column":12}},"135":{"start":{"line":136,"column":0},"end":{"line":136,"column":48}},"136":{"start":{"line":137,"column":0},"end":{"line":137,"column":15}},"137":{"start":{"line":138,"column":0},"end":{"line":138,"column":12}},"138":{"start":{"line":139,"column":0},"end":{"line":139,"column":5}},"139":{"start":{"line":140,"column":0},"end":{"line":140,"column":54}},"140":{"start":{"line":141,"column":0},"end":{"line":141,"column":40}},"141":{"start":{"line":142,"column":0},"end":{"line":142,"column":32}},"142":{"start":{"line":143,"column":0},"end":{"line":143,"column":33}},"143":{"start":{"line":144,"column":0},"end":{"line":144,"column":33}},"144":{"start":{"line":145,"column":0},"end":{"line":145,"column":5}},"145":{"start":{"line":146,"column":0},"end":{"line":146,"column":3}},"146":{"start":{"line":147,"column":0},"end":{"line":147,"column":1}},"149":{"start":{"line":150,"column":0},"end":{"line":150,"column":27}},"150":{"start":{"line":151,"column":0},"end":{"line":151,"column":16}},"151":{"start":{"line":152,"column":0},"end":{"line":152,"column":52}},"152":{"start":{"line":153,"column":0},"end":{"line":153,"column":9}},"153":{"start":{"line":154,"column":0},"end":{"line":154,"column":21}},"154":{"start":{"line":155,"column":0},"end":{"line":155,"column":33}},"155":{"start":{"line":156,"column":0},"end":{"line":156,"column":41}},"156":{"start":{"line":157,"column":0},"end":{"line":157,"column":36}},"157":{"start":{"line":158,"column":0},"end":{"line":158,"column":53}},"158":{"start":{"line":159,"column":0},"end":{"line":159,"column":42}},"159":{"start":{"line":160,"column":0},"end":{"line":160,"column":56}},"160":{"start":{"line":161,"column":0},"end":{"line":161,"column":5}},"161":{"start":{"line":162,"column":0},"end":{"line":162,"column":3}},"162":{"start":{"line":163,"column":0},"end":{"line":163,"column":59}},"163":{"start":{"line":164,"column":0},"end":{"line":164,"column":11}},"164":{"start":{"line":165,"column":0},"end":{"line":165,"column":3}},"165":{"start":{"line":166,"column":0},"end":{"line":166,"column":39}},"166":{"start":{"line":167,"column":0},"end":{"line":167,"column":7}},"167":{"start":{"line":168,"column":0},"end":{"line":168,"column":60}},"168":{"start":{"line":169,"column":0},"end":{"line":169,"column":11}},"170":{"start":{"line":171,"column":0},"end":{"line":171,"column":3}},"171":{"start":{"line":172,"column":0},"end":{"line":172,"column":1}}},"s":{"0":1,"1":1,"2":1,"15":1,"16":1,"17":1,"18":1,"19":1,"20":1,"22":1,"23":1,"41":1,"42":9,"43":9,"44":9,"45":9,"46":9,"47":9,"48":9,"49":9,"51":9,"52":4,"53":0,"54":0,"55":4,"56":4,"57":4,"58":4,"59":4,"61":4,"62":5,"63":5,"64":5,"65":5,"66":5,"67":5,"68":5,"69":5,"70":5,"71":5,"72":0,"73":0,"74":4,"75":4,"76":4,"77":4,"78":4,"79":4,"80":1,"81":1,"82":1,"83":1,"84":4,"85":5,"86":2,"87":2,"88":5,"89":1,"90":1,"91":1,"92":1,"93":1,"94":1,"95":1,"96":1,"97":1,"98":1,"99":5,"101":4,"102":3,"103":3,"104":3,"105":3,"106":1,"107":3,"108":3,"110":4,"111":4,"113":4,"114":4,"115":4,"116":3,"117":3,"118":4,"119":4,"121":9,"123":9,"124":9,"127":6,"128":6,"129":6,"130":6,"131":6,"132":6,"133":6,"134":6,"135":14,"136":14,"137":5,"138":5,"139":8,"140":8,"141":14,"142":14,"143":7,"144":7,"145":8,"146":6,"149":1,"150":11,"151":11,"152":11,"153":11,"154":11,"155":11,"156":21,"157":10,"158":21,"159":10,"160":10,"161":21,"162":11,"163":2,"164":2,"165":9,"166":9,"167":9,"168":11,"170":1,"171":11},"branchMap":{"0":{"type":"branch","line":42,"loc":{"start":{"line":42,"column":7},"end":{"line":125,"column":1}},"locations":[{"start":{"line":42,"column":7},"end":{"line":125,"column":1}}]},"1":{"type":"branch","line":47,"loc":{"start":{"line":47,"column":32},"end":{"line":47,"column":65}},"locations":[{"start":{"line":47,"column":32},"end":{"line":47,"column":65}}]},"2":{"type":"branch","line":52,"loc":{"start":{"line":52,"column":12},"end":{"line":122,"column":5}},"locations":[{"start":{"line":52,"column":12},"end":{"line":122,"column":5}}]},"3":{"type":"branch","line":53,"loc":{"start":{"line":53,"column":20},"end":{"line":55,"column":5}},"locations":[{"start":{"line":53,"column":20},"end":{"line":55,"column":5}}]},"4":{"type":"branch","line":62,"loc":{"start":{"line":62,"column":20},"end":{"line":100,"column":6}},"locations":[{"start":{"line":62,"column":20},"end":{"line":100,"column":6}}]},"5":{"type":"branch","line":63,"loc":{"start":{"line":63,"column":50},"end":{"line":63,"column":57}},"locations":[{"start":{"line":63,"column":50},"end":{"line":63,"column":57}}]},"6":{"type":"branch","line":71,"loc":{"start":{"line":71,"column":8},"end":{"line":72,"column":34}},"locations":[{"start":{"line":71,"column":8},"end":{"line":72,"column":34}}]},"7":{"type":"branch","line":72,"loc":{"start":{"line":72,"column":34},"end":{"line":74,"column":9}},"locations":[{"start":{"line":72,"column":34},"end":{"line":74,"column":9}}]},"8":{"type":"branch","line":74,"loc":{"start":{"line":74,"column":8},"end":{"line":85,"column":11}},"locations":[{"start":{"line":74,"column":8},"end":{"line":85,"column":11}}]},"9":{"type":"branch","line":85,"loc":{"start":{"line":85,"column":9},"end":{"line":86,"column":48}},"locations":[{"start":{"line":85,"column":9},"end":{"line":86,"column":48}}]},"10":{"type":"branch","line":86,"loc":{"start":{"line":86,"column":48},"end":{"line":88,"column":9}},"locations":[{"start":{"line":86,"column":48},"end":{"line":88,"column":9}}]},"11":{"type":"branch","line":89,"loc":{"start":{"line":89,"column":6},"end":{"line":99,"column":7}},"locations":[{"start":{"line":89,"column":6},"end":{"line":99,"column":7}}]},"12":{"type":"branch","line":90,"loc":{"start":{"line":90,"column":52},"end":{"line":90,"column":59}},"locations":[{"start":{"line":90,"column":52},"end":{"line":90,"column":59}}]},"13":{"type":"branch","line":76,"loc":{"start":{"line":76,"column":22},"end":{"line":76,"column":69}},"locations":[{"start":{"line":76,"column":22},"end":{"line":76,"column":69}}]},"14":{"type":"branch","line":77,"loc":{"start":{"line":77,"column":35},"end":{"line":85,"column":9}},"locations":[{"start":{"line":77,"column":35},"end":{"line":85,"column":9}}]},"15":{"type":"branch","line":78,"loc":{"start":{"line":78,"column":25},"end":{"line":78,"column":32}},"locations":[{"start":{"line":78,"column":25},"end":{"line":78,"column":32}}]},"16":{"type":"branch","line":80,"loc":{"start":{"line":80,"column":53},"end":{"line":84,"column":11}},"locations":[{"start":{"line":80,"column":53},"end":{"line":84,"column":11}}]},"17":{"type":"branch","line":79,"loc":{"start":{"line":79,"column":24},"end":{"line":79,"column":71}},"locations":[{"start":{"line":79,"column":24},"end":{"line":79,"column":71}}]},"18":{"type":"branch","line":82,"loc":{"start":{"line":82,"column":26},"end":{"line":82,"column":77}},"locations":[{"start":{"line":82,"column":26},"end":{"line":82,"column":77}}]},"19":{"type":"branch","line":91,"loc":{"start":{"line":91,"column":22},"end":{"line":95,"column":10}},"locations":[{"start":{"line":91,"column":22},"end":{"line":95,"column":10}}]},"20":{"type":"branch","line":94,"loc":{"start":{"line":94,"column":44},"end":{"line":94,"column":66}},"locations":[{"start":{"line":94,"column":44},"end":{"line":94,"column":66}}]},"21":{"type":"branch","line":102,"loc":{"start":{"line":102,"column":30},"end":{"line":109,"column":6}},"locations":[{"start":{"line":102,"column":30},"end":{"line":109,"column":6}}]},"22":{"type":"branch","line":103,"loc":{"start":{"line":103,"column":73},"end":{"line":103,"column":80}},"locations":[{"start":{"line":103,"column":73},"end":{"line":103,"column":80}}]},"23":{"type":"branch","line":106,"loc":{"start":{"line":106,"column":25},"end":{"line":108,"column":9}},"locations":[{"start":{"line":106,"column":25},"end":{"line":108,"column":9}}]},"24":{"type":"branch","line":114,"loc":{"start":{"line":114,"column":11},"end":{"line":120,"column":6}},"locations":[{"start":{"line":114,"column":11},"end":{"line":120,"column":6}}]},"25":{"type":"branch","line":116,"loc":{"start":{"line":116,"column":31},"end":{"line":118,"column":7}},"locations":[{"start":{"line":116,"column":31},"end":{"line":118,"column":7}}]},"26":{"type":"branch","line":128,"loc":{"start":{"line":128,"column":0},"end":{"line":147,"column":1}},"locations":[{"start":{"line":128,"column":0},"end":{"line":147,"column":1}}]},"27":{"type":"branch","line":135,"loc":{"start":{"line":135,"column":11},"end":{"line":146,"column":3}},"locations":[{"start":{"line":135,"column":11},"end":{"line":146,"column":3}}]},"28":{"type":"branch","line":136,"loc":{"start":{"line":136,"column":46},"end":{"line":137,"column":14}},"locations":[{"start":{"line":136,"column":46},"end":{"line":137,"column":14}}]},"29":{"type":"branch","line":137,"loc":{"start":{"line":137,"column":14},"end":{"line":139,"column":5}},"locations":[{"start":{"line":137,"column":14},"end":{"line":139,"column":5}}]},"30":{"type":"branch","line":139,"loc":{"start":{"line":139,"column":4},"end":{"line":142,"column":29}},"locations":[{"start":{"line":139,"column":4},"end":{"line":142,"column":29}}]},"31":{"type":"branch","line":142,"loc":{"start":{"line":142,"column":24},"end":{"line":142,"column":32}},"locations":[{"start":{"line":142,"column":24},"end":{"line":142,"column":32}}]},"32":{"type":"branch","line":143,"loc":{"start":{"line":143,"column":32},"end":{"line":145,"column":5}},"locations":[{"start":{"line":143,"column":32},"end":{"line":145,"column":5}}]},"33":{"type":"branch","line":145,"loc":{"start":{"line":145,"column":4},"end":{"line":146,"column":3}},"locations":[{"start":{"line":145,"column":4},"end":{"line":146,"column":3}}]},"34":{"type":"branch","line":150,"loc":{"start":{"line":150,"column":7},"end":{"line":172,"column":1}},"locations":[{"start":{"line":150,"column":7},"end":{"line":172,"column":1}}]},"35":{"type":"branch","line":156,"loc":{"start":{"line":156,"column":40},"end":{"line":162,"column":3}},"locations":[{"start":{"line":156,"column":40},"end":{"line":162,"column":3}}]},"36":{"type":"branch","line":157,"loc":{"start":{"line":157,"column":35},"end":{"line":159,"column":15}},"locations":[{"start":{"line":157,"column":35},"end":{"line":159,"column":15}}]},"37":{"type":"branch","line":159,"loc":{"start":{"line":159,"column":4},"end":{"line":161,"column":5}},"locations":[{"start":{"line":159,"column":4},"end":{"line":161,"column":5}}]},"38":{"type":"branch","line":159,"loc":{"start":{"line":159,"column":41},"end":{"line":161,"column":5}},"locations":[{"start":{"line":159,"column":41},"end":{"line":161,"column":5}}]},"39":{"type":"branch","line":163,"loc":{"start":{"line":163,"column":20},"end":{"line":163,"column":58}},"locations":[{"start":{"line":163,"column":20},"end":{"line":163,"column":58}}]},"40":{"type":"branch","line":163,"loc":{"start":{"line":163,"column":58},"end":{"line":165,"column":3}},"locations":[{"start":{"line":163,"column":58},"end":{"line":165,"column":3}}]},"41":{"type":"branch","line":165,"loc":{"start":{"line":165,"column":2},"end":{"line":169,"column":10}},"locations":[{"start":{"line":165,"column":2},"end":{"line":169,"column":10}}]},"42":{"type":"branch","line":169,"loc":{"start":{"line":169,"column":2},"end":{"line":171,"column":3}},"locations":[{"start":{"line":169,"column":2},"end":{"line":171,"column":3}}]}},"b":{"0":[9],"1":[6],"2":[4],"3":[0],"4":[5],"5":[0],"6":[4],"7":[0],"8":[4],"9":[3],"10":[2],"11":[1],"12":[0],"13":[4],"14":[4],"15":[0],"16":[1],"17":[4],"18":[1],"19":[1],"20":[0],"21":[3],"22":[0],"23":[1],"24":[4],"25":[3],"26":[6],"27":[14],"28":[13],"29":[5],"30":[8],"31":[0],"32":[7],"33":[8],"34":[11],"35":[21],"36":[10],"37":[11],"38":[10],"39":[9],"40":[2],"41":[9],"42":[1]},"fnMap":{"0":{"name":"useEnterpriseProgress","decl":{"start":{"line":42,"column":7},"end":{"line":125,"column":1}},"loc":{"start":{"line":42,"column":7},"end":{"line":125,"column":1}},"line":42},"1":{"name":"connect","decl":{"start":{"line":62,"column":20},"end":{"line":100,"column":6}},"loc":{"start":{"line":62,"column":20},"end":{"line":100,"column":6}},"line":62},"2":{"name":"scheduleReconnect","decl":{"start":{"line":102,"column":30},"end":{"line":109,"column":6}},"loc":{"start":{"line":102,"column":30},"end":{"line":109,"column":6}},"line":102},"3":{"name":"readStream","decl":{"start":{"line":128,"column":0},"end":{"line":147,"column":1}},"loc":{"start":{"line":128,"column":0},"end":{"line":147,"column":1}},"line":128},"4":{"name":"parseBlock","decl":{"start":{"line":150,"column":7},"end":{"line":172,"column":1}},"loc":{"start":{"line":150,"column":7},"end":{"line":172,"column":1}},"line":150}},"f":{"0":9,"1":5,"2":3,"3":6,"4":11}}
,"C:\\Users\\Lenovo\\proyecto-kin\\kin-enterprise-ui\\src\\services\\enterpriseApi.ts": {"path":"C:\\Users\\Lenovo\\proyecto-kin\\kin-enterprise-ui\\src\\services\\enterpriseApi.ts","all":false,"statementMap":{"3":{"start":{"line":4,"column":0},"end":{"line":4,"column":30}},"4":{"start":{"line":5,"column":0},"end":{"line":5,"column":57}},"5":{"start":{"line":6,"column":0},"end":{"line":6,"column":33}},"8":{"start":{"line":9,"column":0},"end":{"line":9,"column":55}},"9":{"start":{"line":10,"column":0},"end":{"line":10,"column":15}},"10":{"start":{"line":11,"column":0},"end":{"line":11,"column":33}},"11":{"start":{"line":12,"column":0},"end":{"line":12,"column":51}},"12":{"start":{"line":13,"column":0},"end":{"line":13,"column":13}},"13":{"start":{"line":14,"column":0},"end":{"line":14,"column":59}},"14":{"start":{"line":15,"column":0},"end":{"line":15,"column":1}},"16":{"start":{"line":17,"column":0},"end":{"line":17,"column":61}},"17":{"start":{"line":18,"column":0},"end":{"line":18,"column":52}},"18":{"start":{"line":19,"column":0},"end":{"line":19,"column":62}},"19":{"start":{"line":20,"column":0},"end":{"line":20,"column":5}},"20":{"start":{"line":21,"column":0},"end":{"line":21,"column":16}},"21":{"start":{"line":22,"column":0},"end":{"line":22,"column":54}},"22":{"start":{"line":23,"column":0},"end":{"line":23,"column":3}},"23":{"start":{"line":24,"column":0},"end":{"line":24,"column":33}},"24":{"start":{"line":25,"column":0},"end":{"line":25,"column":1}},"26":{"start":{"line":27,"column":0},"end":{"line":27,"column":63}},"27":{"start":{"line":28,"column":0},"end":{"line":28,"column":79}},"28":{"start":{"line":29,"column":0},"end":{"line":29,"column":16}},"29":{"start":{"line":30,"column":0},"end":{"line":30,"column":54}},"30":{"start":{"line":31,"column":0},"end":{"line":31,"column":3}},"31":{"start":{"line":32,"column":0},"end":{"line":32,"column":20}},"32":{"start":{"line":33,"column":0},"end":{"line":33,"column":1}},"45":{"start":{"line":46,"column":0},"end":{"line":46,"column":45}},"46":{"start":{"line":47,"column":0},"end":{"line":47,"column":39}},"47":{"start":{"line":48,"column":0},"end":{"line":48,"column":37}},"48":{"start":{"line":49,"column":0},"end":{"line":49,"column":54}},"49":{"start":{"line":50,"column":0},"end":{"line":50,"column":6}},"50":{"start":{"line":51,"column":0},"end":{"line":51,"column":57}},"51":{"start":{"line":52,"column":0},"end":{"line":52,"column":82}},"52":{"start":{"line":53,"column":0},"end":{"line":53,"column":49}},"53":{"start":{"line":54,"column":0},"end":{"line":54,"column":74}},"54":{"start":{"line":55,"column":0},"end":{"line":55,"column":2}},"57":{"start":{"line":58,"column":0},"end":{"line":58,"column":66}},"58":{"start":{"line":59,"column":0},"end":{"line":59,"column":40}},"59":{"start":{"line":60,"column":0},"end":{"line":60,"column":45}},"60":{"start":{"line":61,"column":0},"end":{"line":61,"column":20}},"61":{"start":{"line":62,"column":0},"end":{"line":62,"column":29}},"62":{"start":{"line":63,"column":0},"end":{"line":63,"column":36}},"63":{"start":{"line":64,"column":0},"end":{"line":64,"column":17}},"64":{"start":{"line":65,"column":0},"end":{"line":65,"column":36}},"65":{"start":{"line":66,"column":0},"end":{"line":66,"column":27}},"66":{"start":{"line":67,"column":0},"end":{"line":67,"column":1}}},"s":{"3":1,"4":1,"5":1,"8":1,"9":13,"10":13,"11":13,"12":0,"13":13,"14":13,"16":4,"17":4,"18":4,"19":4,"20":4,"21":1,"22":1,"23":3,"24":3,"26":4,"27":4,"28":4,"29":2,"30":2,"31":2,"32":2,"45":1,"46":1,"47":4,"48":4,"49":4,"50":1,"51":2,"52":1,"53":2,"54":1,"57":1,"58":2,"59":2,"60":2,"61":2,"62":2,"63":2,"64":2,"65":2,"66":2},"branchMap":{"0":{"type":"branch","line":9,"loc":{"start":{"line":9,"column":7},"end":{"line":15,"column":1}},"locations":[{"start":{"line":9,"column":7},"end":{"line":15,"column":1}}]},"1":{"type":"branch","line":12,"loc":{"start":{"line":12,"column":50},"end":{"line":13,"column":13}},"locations":[{"start":{"line":12,"column":50},"end":{"line":13,"column":13}}]},"2":{"type":"branch","line":14,"loc":{"start":{"line":14,"column":9},"end":{"line":14,"column":56}},"locations":[{"start":{"line":14,"column":9},"end":{"line":14,"column":56}}]},"3":{"type":"branch","line":14,"loc":{"start":{"line":14,"column":52},"end":{"line":14,"column":59}},"locations":[{"start":{"line":14,"column":52},"end":{"line":14,"column":59}}]},"4":{"type":"branch","line":17,"loc":{"start":{"line":17,"column":0},"end":{"line":25,"column":1}},"locations":[{"start":{"line":17,"column":0},"end":{"line":25,"column":1}}]},"5":{"type":"branch","line":21,"loc":{"start":{"line":21,"column":15},"end":{"line":23,"column":3}},"locations":[{"start":{"line":21,"column":15},"end":{"line":23,"column":3}}]},"6":{"type":"branch","line":23,"loc":{"start":{"line":23,"column":2},"end":{"line":25,"column":1}},"locations":[{"start":{"line":23,"column":2},"end":{"line":25,"column":1}}]},"7":{"type":"branch","line":27,"loc":{"start":{"line":27,"column":0},"end":{"line":33,"column":1}},"locations":[{"start":{"line":27,"column":0},"end":{"line":33,"column":1}}]},"8":{"type":"branch","line":29,"loc":{"start":{"line":29,"column":15},"end":{"line":33,"column":1}},"locations":[{"start":{"line":29,"column":15},"end":{"line":33,"column":1}}]},"9":{"type":"branch","line":47,"loc":{"start":{"line":47,"column":16},"end":{"line":50,"column":6}},"locations":[{"start":{"line":47,"column":16},"end":{"line":50,"column":6}}]},"10":{"type":"branch","line":51,"loc":{"start":{"line":51,"column":20},"end":{"line":52,"column":82}},"locations":[{"start":{"line":51,"column":20},"end":{"line":52,"column":82}}]},"11":{"type":"branch","line":53,"loc":{"start":{"line":53,"column":18},"end":{"line":54,"column":74}},"locations":[{"start":{"line":53,"column":18},"end":{"line":54,"column":74}}]},"12":{"type":"branch","line":58,"loc":{"start":{"line":58,"column":7},"end":{"line":67,"column":1}},"locations":[{"start":{"line":58,"column":7},"end":{"line":67,"column":1}}]}},"b":{"0":[13],"1":[0],"2":[1],"3":[12],"4":[4],"5":[1],"6":[3],"7":[4],"8":[2],"9":[4],"10":[2],"11":[2],"12":[2]},"fnMap":{"0":{"name":"authHeaders","decl":{"start":{"line":9,"column":7},"end":{"line":15,"column":1}},"loc":{"start":{"line":9,"column":7},"end":{"line":15,"column":1}},"line":9},"1":{"name":"jsonRequest","decl":{"start":{"line":17,"column":0},"end":{"line":25,"column":1}},"loc":{"start":{"line":17,"column":0},"end":{"line":25,"column":1}},"line":17},"2":{"name":"binaryRequest","decl":{"start":{"line":27,"column":0},"end":{"line":33,"column":1}},"loc":{"start":{"line":27,"column":0},"end":{"line":33,"column":1}},"line":27},"3":{"name":"getDashboard","decl":{"start":{"line":47,"column":16},"end":{"line":50,"column":6}},"loc":{"start":{"line":47,"column":16},"end":{"line":50,"column":6}},"line":47},"4":{"name":"downloadDocument","decl":{"start":{"line":51,"column":20},"end":{"line":52,"column":82}},"loc":{"start":{"line":51,"column":20},"end":{"line":52,"column":82}},"line":51},"5":{"name":"downloadBundle","decl":{"start":{"line":53,"column":18},"end":{"line":54,"column":74}},"loc":{"start":{"line":53,"column":18},"end":{"line":54,"column":74}},"line":53},"6":{"name":"downloadBlob","decl":{"start":{"line":58,"column":7},"end":{"line":67,"column":1}},"loc":{"start":{"line":58,"column":7},"end":{"line":67,"column":1}},"line":58}},"f":{"0":13,"1":4,"2":4,"3":4,"4":2,"5":2,"6":2}}
,"C:\\Users\\Lenovo\\proyecto-kin\\kin-enterprise-ui\\src\\types\\enterprise.ts": {"path":"C:\\Users\\Lenovo\\proyecto-kin\\kin-enterprise-ui\\src\\types\\enterprise.ts","all":false,"statementMap":{"74":{"start":{"line":75,"column":0},"end":{"line":75,"column":68}},"75":{"start":{"line":76,"column":0},"end":{"line":76,"column":14}},"76":{"start":{"line":77,"column":0},"end":{"line":77,"column":11}},"77":{"start":{"line":78,"column":0},"end":{"line":78,"column":2}}},"s":{"74":1,"75":1,"76":1,"77":1},"branchMap":{},"b":{},"fnMap":{},"f":{}}
}
